<?xml version="1.0" encoding="UTF-8"?>
<!-- Generated by org.testng.reporters.JUnitReportReporter -->
<testsuite hostname="Apaekshits_PC" failures="0" tests="4" name="Tests.Test_TotalArticles" time="11.733" errors="0" timestamp="2024-10-27T14:03:08 IST" skipped="0">
  <testcase classname="Tests.Test_TotalArticles" name="Test_TotalArticlesByLanguages" time="2.878"/>
  <testcase classname="Tests.Test_TotalArticles" name="Test_TotalArticlesByLanguages" time="2.863"/>
  <testcase classname="Tests.Test_TotalArticles" name="Test_TotalArticlesByLanguages" time="2.869"/>
  <testcase classname="Tests.Test_TotalArticles" name="Test_TotalArticlesByLanguages" time="3.123"/>
</testsuite> <!-- Tests.Test_TotalArticles -->
