<?xml version="1.0" encoding="UTF-8"?>
<!-- Generated by org.testng.reporters.JUnitReportReporter -->
<testsuite hostname="Apaekshits_PC" failures="0" tests="4" name="Tests.Test_TotalArticles" time="17.851" errors="0" timestamp="2024-10-27T14:19:25 IST" skipped="0">
  <testcase classname="Tests.Test_TotalArticles" name="Test_TotalArticlesByLanguages" time="4.167"/>
  <testcase classname="Tests.Test_TotalArticles" name="Test_TotalArticlesByLanguages" time="4.921"/>
  <testcase classname="Tests.Test_TotalArticles" name="Test_TotalArticlesByLanguages" time="4.351"/>
  <testcase classname="Tests.Test_TotalArticles" name="Test_TotalArticlesByLanguages" time="4.412"/>
</testsuite> <!-- Tests.Test_TotalArticles -->
